21:05:26.869 login [main] INFO  com.example.cy.CyApplication - Starting CyApplication on LAPTOP-O5A21IPT with PID 11812 (F:\JavaCode\able-liu-java\target\classes started by 刘先生 in F:\JavaCode\able-liu-java)
21:05:26.869 login [main] INFO  com.example.cy.CyApplication - No active profile set, falling back to default profiles: default
21:05:28.572 login [main] INFO  o.s.d.r.c.RepositoryConfigurationDelegate - Multiple Spring Data modules found, entering strict repository configuration mode!
21:05:28.572 login [main] INFO  o.s.d.r.c.RepositoryConfigurationDelegate - Bootstrapping Spring Data repositories in DEFAULT mode.
21:05:28.697 login [main] INFO  o.s.d.r.c.RepositoryConfigurationDelegate - Finished Spring Data repository scanning in 110ms. Found 3 repository interfaces.
21:05:28.712 login [main] INFO  o.s.d.r.c.RepositoryConfigurationDelegate - Multiple Spring Data modules found, entering strict repository configuration mode!
21:05:28.712 login [main] INFO  o.s.d.r.c.RepositoryConfigurationDelegate - Bootstrapping Spring Data repositories in DEFAULT mode.
21:05:28.759 login [main] INFO  o.s.d.r.c.RepositoryConfigurationExtensionSupport - Spring Data Redis - Could not safely identify store assignment for repository candidate interface com.example.cy.dao.FileInfoDao.
21:05:28.759 login [main] INFO  o.s.d.r.c.RepositoryConfigurationExtensionSupport - Spring Data Redis - Could not safely identify store assignment for repository candidate interface com.example.cy.dao.MenuDao.
21:05:28.759 login [main] INFO  o.s.d.r.c.RepositoryConfigurationExtensionSupport - Spring Data Redis - Could not safely identify store assignment for repository candidate interface com.example.cy.dao.UserDao.
21:05:28.759 login [main] INFO  o.s.d.r.c.RepositoryConfigurationDelegate - Finished Spring Data repository scanning in 31ms. Found 0 repository interfaces.
21:05:29.181 login [main] INFO  o.s.c.s.PostProcessorRegistrationDelegate$BeanPostProcessorChecker - Bean 'org.springframework.transaction.annotation.ProxyTransactionManagementConfiguration' of type [org.springframework.transaction.annotation.ProxyTransactionManagementConfiguration$$EnhancerBySpringCGLIB$$6eb4eae9] is not eligible for getting processed by all BeanPostProcessors (for example: not eligible for auto-proxying)
21:05:29.244 login [main] INFO  o.s.c.s.PostProcessorRegistrationDelegate$BeanPostProcessorChecker - Bean 'org.springframework.security.config.annotation.configuration.ObjectPostProcessorConfiguration' of type [org.springframework.security.config.annotation.configuration.ObjectPostProcessorConfiguration$$EnhancerBySpringCGLIB$$762b323] is not eligible for getting processed by all BeanPostProcessors (for example: not eligible for auto-proxying)
21:05:29.244 login [main] INFO  o.s.c.s.PostProcessorRegistrationDelegate$BeanPostProcessorChecker - Bean 'objectPostProcessor' of type [org.springframework.security.config.annotation.configuration.AutowireBeanFactoryObjectPostProcessor] is not eligible for getting processed by all BeanPostProcessors (for example: not eligible for auto-proxying)
21:05:29.244 login [main] INFO  o.s.c.s.PostProcessorRegistrationDelegate$BeanPostProcessorChecker - Bean 'org.springframework.security.access.expression.method.DefaultMethodSecurityExpressionHandler@b965857' of type [org.springframework.security.access.expression.method.DefaultMethodSecurityExpressionHandler] is not eligible for getting processed by all BeanPostProcessors (for example: not eligible for auto-proxying)
21:05:29.244 login [main] INFO  o.s.c.s.PostProcessorRegistrationDelegate$BeanPostProcessorChecker - Bean 'org.springframework.security.config.annotation.method.configuration.GlobalMethodSecurityConfiguration' of type [org.springframework.security.config.annotation.method.configuration.GlobalMethodSecurityConfiguration$$EnhancerBySpringCGLIB$$2c3755d5] is not eligible for getting processed by all BeanPostProcessors (for example: not eligible for auto-proxying)
21:05:29.244 login [main] INFO  o.s.c.s.PostProcessorRegistrationDelegate$BeanPostProcessorChecker - Bean 'methodSecurityMetadataSource' of type [org.springframework.security.access.method.DelegatingMethodSecurityMetadataSource] is not eligible for getting processed by all BeanPostProcessors (for example: not eligible for auto-proxying)
21:05:29.650 login [main] INFO  o.s.b.w.e.tomcat.TomcatWebServer - Tomcat initialized with port(s): 8888 (http)
21:05:29.665 login [main] INFO  o.a.coyote.http11.Http11NioProtocol - Initializing ProtocolHandler ["http-nio-8888"]
21:05:29.681 login [main] INFO  o.a.catalina.core.StandardService - Starting service [Tomcat]
21:05:29.681 login [main] INFO  o.a.catalina.core.StandardEngine - Starting Servlet Engine: Apache Tomcat/9.0.13
21:05:29.697 login [main] INFO  o.a.c.core.AprLifecycleListener - The APR based Apache Tomcat Native library which allows optimal performance in production environments was not found on the java.library.path: [C:\Program Files\Java\jdk1.8.0_181\bin;C:\WINDOWS\Sun\Java\bin;C:\WINDOWS\system32;C:\WINDOWS;C:\Program Files (x86)\Common Files\Oracle\Java\javapath;C:\ProgramData\Oracle\Java\javapath;C:\Program Files\Java\jdk1.8.0_181\bin;C:\Program Files (x86)\Intel\iCLS Client\;C:\Program Files\Intel\iCLS Client\;C:\windows\system32;C:\windows;C:\windows\System32\Wbem;C:\windows\System32\WindowsPowerShell\v1.0\;C:\Program Files (x86)\Intel\Intel(R) Management Engine Components\DAL;C:\Program Files\Intel\Intel(R) Management Engine Components\DAL;C:\Program Files (x86)\Intel\Intel(R) Management Engine Components\IPT;C:\Program Files\Intel\Intel(R) Management Engine Components\IPT;C:\Program Files (x86)\NVIDIA Corporation\PhysX\Common;C:\WINDOWS\system32;C:\WINDOWS;C:\WINDOWS\System32\Wbem;C:\WINDOWS\System32\WindowsPowerShell\v1.0\;C:\Program Files\Java\jdk1.8.0_121\bin;C:\Program Files (x86)\MySQL\MySQL Server 5.5\bin;C:\Users\刘先生\.dnx\bin;C:;Program Files\Microsoft DNX\Dnvm\;C:\Program Files\Microsoft SQL Server\120\Tools\Binn\;C:\Program Files\Microsoft SQL Server\130\Tools\Binn\;C:\WINDOWS\System32\OpenSSH\;F:\apache-maven-3.5.4-bin\apache-maven-3.5.4\bin;C:\Program Files\Intel\WiFi\bin\;C:\Program Files\Common Files\Intel\WirelessCommon\;C:\Program Files\NVIDIA Corporation\NVIDIA NvDLISR;F:\Git\cmd;%MYSQL_HOME%\bin;C:\Users\刘先生\AppData\Local\Programs\Python\Python36\Scripts\;C:\Users\刘先生\AppData\Local\Programs\Python\Python36\;C:\Program Files (x86)\Microsoft Visual Studio\Common\Tools\WinNT;C:\Program Files (x86)\Microsoft Visual Studio\Common\MSDev98\Bin;C:\Program Files (x86)\Microsoft Visual Studio\Common\Tools;C:\Program Files (x86)\Microsoft Visual Studio\VC98\bin;C:\Users\刘先生\AppData\Local\Microsoft\WindowsApps;;.]
21:05:30.071 login [main] INFO  o.a.c.c.C.[Tomcat].[localhost].[/] - Initializing Spring embedded WebApplicationContext
21:05:30.071 login [main] INFO  o.s.web.context.ContextLoader - Root WebApplicationContext: initialization completed in 3139 ms
21:05:30.571 login [main] INFO  com.zaxxer.hikari.HikariDataSource - HikariPool-1 - Starting...
21:05:31.415 login [main] INFO  com.zaxxer.hikari.HikariDataSource - HikariPool-1 - Start completed.
21:05:31.477 login [main] INFO  o.h.jpa.internal.util.LogHelper - HHH000204: Processing PersistenceUnitInfo [
	name: default
	...]
21:05:31.602 login [main] INFO  org.hibernate.Version - HHH000412: Hibernate Core {5.3.7.Final}
21:05:31.602 login [main] INFO  org.hibernate.cfg.Environment - HHH000206: hibernate.properties not found
21:05:31.790 login [main] INFO  o.h.annotations.common.Version - HCANN000001: Hibernate Commons Annotations {5.0.4.Final}
21:05:32.008 login [main] INFO  org.hibernate.dialect.Dialect - HHH000400: Using dialect: com.example.cy.config.MysqlConfig
21:05:32.415 login [main] WARN  o.s.b.w.s.c.AnnotationConfigServletWebServerApplicationContext - Exception encountered during context initialization - cancelling refresh attempt: org.springframework.beans.factory.BeanCreationException: Error creating bean with name 'entityManagerFactory' defined in class path resource [org/springframework/boot/autoconfigure/orm/jpa/HibernateJpaConfiguration.class]: Invocation of init method failed; nested exception is javax.persistence.PersistenceException: [PersistenceUnit: default] Unable to build Hibernate SessionFactory; nested exception is org.hibernate.MappingException: Could not determine type for: java.util.List, at table: car, for columns: [org.hibernate.mapping.Column(car_img_url)]
21:05:32.415 login [main] INFO  com.zaxxer.hikari.HikariDataSource - HikariPool-1 - Shutdown initiated...
21:05:32.430 login [main] INFO  com.zaxxer.hikari.HikariDataSource - HikariPool-1 - Shutdown completed.
21:05:32.446 login [main] INFO  o.a.catalina.core.StandardService - Stopping service [Tomcat]
21:05:32.462 login [main] INFO  o.s.b.a.l.ConditionEvaluationReportLoggingListener - 

Error starting ApplicationContext. To display the conditions report re-run your application with 'debug' enabled.
21:05:32.477 login [main] ERROR o.s.boot.SpringApplication - Application run failed
org.springframework.beans.factory.BeanCreationException: Error creating bean with name 'entityManagerFactory' defined in class path resource [org/springframework/boot/autoconfigure/orm/jpa/HibernateJpaConfiguration.class]: Invocation of init method failed; nested exception is javax.persistence.PersistenceException: [PersistenceUnit: default] Unable to build Hibernate SessionFactory; nested exception is org.hibernate.MappingException: Could not determine type for: java.util.List, at table: car, for columns: [org.hibernate.mapping.Column(car_img_url)]
	at org.springframework.beans.factory.support.AbstractAutowireCapableBeanFactory.initializeBean(AbstractAutowireCapableBeanFactory.java:1745)
	at org.springframework.beans.factory.support.AbstractAutowireCapableBeanFactory.doCreateBean(AbstractAutowireCapableBeanFactory.java:576)
	at org.springframework.beans.factory.support.AbstractAutowireCapableBeanFactory.createBean(AbstractAutowireCapableBeanFactory.java:498)
	at org.springframework.beans.factory.support.AbstractBeanFactory.lambda$doGetBean$0(AbstractBeanFactory.java:320)
	at org.springframework.beans.factory.support.DefaultSingletonBeanRegistry.getSingleton(DefaultSingletonBeanRegistry.java:222)
	at org.springframework.beans.factory.support.AbstractBeanFactory.doGetBean(AbstractBeanFactory.java:318)
	at org.springframework.beans.factory.support.AbstractBeanFactory.getBean(AbstractBeanFactory.java:199)
	at org.springframework.context.support.AbstractApplicationContext.getBean(AbstractApplicationContext.java:1083)
	at org.springframework.context.support.AbstractApplicationContext.finishBeanFactoryInitialization(AbstractApplicationContext.java:853)
	at org.springframework.context.support.AbstractApplicationContext.refresh(AbstractApplicationContext.java:546)
	at org.springframework.boot.web.servlet.context.ServletWebServerApplicationContext.refresh(ServletWebServerApplicationContext.java:142)
	at org.springframework.boot.SpringApplication.refresh(SpringApplication.java:775)
	at org.springframework.boot.SpringApplication.refreshContext(SpringApplication.java:397)
	at org.springframework.boot.SpringApplication.run(SpringApplication.java:316)
	at org.springframework.boot.SpringApplication.run(SpringApplication.java:1260)
	at org.springframework.boot.SpringApplication.run(SpringApplication.java:1248)
	at com.example.cy.CyApplication.main(CyApplication.java:25)
Caused by: javax.persistence.PersistenceException: [PersistenceUnit: default] Unable to build Hibernate SessionFactory; nested exception is org.hibernate.MappingException: Could not determine type for: java.util.List, at table: car, for columns: [org.hibernate.mapping.Column(car_img_url)]
	at org.springframework.orm.jpa.AbstractEntityManagerFactoryBean.buildNativeEntityManagerFactory(AbstractEntityManagerFactoryBean.java:402)
	at org.springframework.orm.jpa.AbstractEntityManagerFactoryBean.afterPropertiesSet(AbstractEntityManagerFactoryBean.java:377)
	at org.springframework.orm.jpa.LocalContainerEntityManagerFactoryBean.afterPropertiesSet(LocalContainerEntityManagerFactoryBean.java:341)
	at org.springframework.beans.factory.support.AbstractAutowireCapableBeanFactory.invokeInitMethods(AbstractAutowireCapableBeanFactory.java:1804)
	at org.springframework.beans.factory.support.AbstractAutowireCapableBeanFactory.initializeBean(AbstractAutowireCapableBeanFactory.java:1741)
	... 16 common frames omitted
Caused by: org.hibernate.MappingException: Could not determine type for: java.util.List, at table: car, for columns: [org.hibernate.mapping.Column(car_img_url)]
	at org.hibernate.mapping.SimpleValue.getType(SimpleValue.java:486)
	at org.hibernate.mapping.SimpleValue.isValid(SimpleValue.java:453)
	at org.hibernate.mapping.Property.isValid(Property.java:226)
	at org.hibernate.mapping.PersistentClass.validate(PersistentClass.java:624)
	at org.hibernate.mapping.RootClass.validate(RootClass.java:267)
	at org.hibernate.boot.internal.MetadataImpl.validate(MetadataImpl.java:347)
	at org.hibernate.boot.internal.SessionFactoryBuilderImpl.build(SessionFactoryBuilderImpl.java:466)
	at org.hibernate.jpa.boot.internal.EntityManagerFactoryBuilderImpl.build(EntityManagerFactoryBuilderImpl.java:939)
	at org.springframework.orm.jpa.vendor.SpringHibernateJpaPersistenceProvider.createContainerEntityManagerFactory(SpringHibernateJpaPersistenceProvider.java:57)
	at org.springframework.orm.jpa.LocalContainerEntityManagerFactoryBean.createNativeEntityManagerFactory(LocalContainerEntityManagerFactoryBean.java:365)
	at org.springframework.orm.jpa.AbstractEntityManagerFactoryBean.buildNativeEntityManagerFactory(AbstractEntityManagerFactoryBean.java:390)
	... 20 common frames omitted
21:25:11.096 login [main] INFO  com.example.cy.CyApplication - Starting CyApplication on LAPTOP-O5A21IPT with PID 13096 (F:\JavaCode\able-liu-java\target\classes started by 刘先生 in F:\JavaCode\able-liu-java)
21:25:11.127 login [main] INFO  com.example.cy.CyApplication - No active profile set, falling back to default profiles: default
21:25:12.424 login [main] INFO  o.s.d.r.c.RepositoryConfigurationDelegate - Multiple Spring Data modules found, entering strict repository configuration mode!
21:25:12.424 login [main] INFO  o.s.d.r.c.RepositoryConfigurationDelegate - Bootstrapping Spring Data repositories in DEFAULT mode.
21:25:12.548 login [main] INFO  o.s.d.r.c.RepositoryConfigurationDelegate - Finished Spring Data repository scanning in 124ms. Found 3 repository interfaces.
21:25:12.564 login [main] INFO  o.s.d.r.c.RepositoryConfigurationDelegate - Multiple Spring Data modules found, entering strict repository configuration mode!
21:25:12.564 login [main] INFO  o.s.d.r.c.RepositoryConfigurationDelegate - Bootstrapping Spring Data repositories in DEFAULT mode.
21:25:12.595 login [main] INFO  o.s.d.r.c.RepositoryConfigurationExtensionSupport - Spring Data Redis - Could not safely identify store assignment for repository candidate interface com.example.cy.dao.FileInfoDao.
21:25:12.595 login [main] INFO  o.s.d.r.c.RepositoryConfigurationExtensionSupport - Spring Data Redis - Could not safely identify store assignment for repository candidate interface com.example.cy.dao.MenuDao.
21:25:12.595 login [main] INFO  o.s.d.r.c.RepositoryConfigurationExtensionSupport - Spring Data Redis - Could not safely identify store assignment for repository candidate interface com.example.cy.dao.UserDao.
21:25:12.595 login [main] INFO  o.s.d.r.c.RepositoryConfigurationDelegate - Finished Spring Data repository scanning in 15ms. Found 0 repository interfaces.
21:25:12.996 login [main] INFO  o.s.c.s.PostProcessorRegistrationDelegate$BeanPostProcessorChecker - Bean 'org.springframework.transaction.annotation.ProxyTransactionManagementConfiguration' of type [org.springframework.transaction.annotation.ProxyTransactionManagementConfiguration$$EnhancerBySpringCGLIB$$5e1ea467] is not eligible for getting processed by all BeanPostProcessors (for example: not eligible for auto-proxying)
21:25:13.059 login [main] INFO  o.s.c.s.PostProcessorRegistrationDelegate$BeanPostProcessorChecker - Bean 'org.springframework.security.config.annotation.configuration.ObjectPostProcessorConfiguration' of type [org.springframework.security.config.annotation.configuration.ObjectPostProcessorConfiguration$$EnhancerBySpringCGLIB$$f6cc6ca1] is not eligible for getting processed by all BeanPostProcessors (for example: not eligible for auto-proxying)
21:25:13.059 login [main] INFO  o.s.c.s.PostProcessorRegistrationDelegate$BeanPostProcessorChecker - Bean 'objectPostProcessor' of type [org.springframework.security.config.annotation.configuration.AutowireBeanFactoryObjectPostProcessor] is not eligible for getting processed by all BeanPostProcessors (for example: not eligible for auto-proxying)
21:25:13.059 login [main] INFO  o.s.c.s.PostProcessorRegistrationDelegate$BeanPostProcessorChecker - Bean 'org.springframework.security.access.expression.method.DefaultMethodSecurityExpressionHandler@7495699f' of type [org.springframework.security.access.expression.method.DefaultMethodSecurityExpressionHandler] is not eligible for getting processed by all BeanPostProcessors (for example: not eligible for auto-proxying)
21:25:13.059 login [main] INFO  o.s.c.s.PostProcessorRegistrationDelegate$BeanPostProcessorChecker - Bean 'org.springframework.security.config.annotation.method.configuration.GlobalMethodSecurityConfiguration' of type [org.springframework.security.config.annotation.method.configuration.GlobalMethodSecurityConfiguration$$EnhancerBySpringCGLIB$$1ba10f53] is not eligible for getting processed by all BeanPostProcessors (for example: not eligible for auto-proxying)
21:25:13.059 login [main] INFO  o.s.c.s.PostProcessorRegistrationDelegate$BeanPostProcessorChecker - Bean 'methodSecurityMetadataSource' of type [org.springframework.security.access.method.DelegatingMethodSecurityMetadataSource] is not eligible for getting processed by all BeanPostProcessors (for example: not eligible for auto-proxying)
21:25:13.465 login [main] INFO  o.s.b.w.e.tomcat.TomcatWebServer - Tomcat initialized with port(s): 8888 (http)
21:25:13.481 login [main] INFO  o.a.coyote.http11.Http11NioProtocol - Initializing ProtocolHandler ["http-nio-8888"]
21:25:13.481 login [main] INFO  o.a.catalina.core.StandardService - Starting service [Tomcat]
21:25:13.481 login [main] INFO  o.a.catalina.core.StandardEngine - Starting Servlet Engine: Apache Tomcat/9.0.13
21:25:13.496 login [main] INFO  o.a.c.core.AprLifecycleListener - The APR based Apache Tomcat Native library which allows optimal performance in production environments was not found on the java.library.path: [C:\Program Files\Java\jdk1.8.0_181\bin;C:\WINDOWS\Sun\Java\bin;C:\WINDOWS\system32;C:\WINDOWS;C:\Program Files (x86)\Common Files\Oracle\Java\javapath;C:\ProgramData\Oracle\Java\javapath;C:\Program Files\Java\jdk1.8.0_181\bin;C:\Program Files (x86)\Intel\iCLS Client\;C:\Program Files\Intel\iCLS Client\;C:\windows\system32;C:\windows;C:\windows\System32\Wbem;C:\windows\System32\WindowsPowerShell\v1.0\;C:\Program Files (x86)\Intel\Intel(R) Management Engine Components\DAL;C:\Program Files\Intel\Intel(R) Management Engine Components\DAL;C:\Program Files (x86)\Intel\Intel(R) Management Engine Components\IPT;C:\Program Files\Intel\Intel(R) Management Engine Components\IPT;C:\Program Files (x86)\NVIDIA Corporation\PhysX\Common;C:\WINDOWS\system32;C:\WINDOWS;C:\WINDOWS\System32\Wbem;C:\WINDOWS\System32\WindowsPowerShell\v1.0\;C:\Program Files\Java\jdk1.8.0_121\bin;C:\Program Files (x86)\MySQL\MySQL Server 5.5\bin;C:\Users\刘先生\.dnx\bin;C:;Program Files\Microsoft DNX\Dnvm\;C:\Program Files\Microsoft SQL Server\120\Tools\Binn\;C:\Program Files\Microsoft SQL Server\130\Tools\Binn\;C:\WINDOWS\System32\OpenSSH\;F:\apache-maven-3.5.4-bin\apache-maven-3.5.4\bin;C:\Program Files\Intel\WiFi\bin\;C:\Program Files\Common Files\Intel\WirelessCommon\;C:\Program Files\NVIDIA Corporation\NVIDIA NvDLISR;F:\Git\cmd;%MYSQL_HOME%\bin;C:\Users\刘先生\AppData\Local\Programs\Python\Python36\Scripts\;C:\Users\刘先生\AppData\Local\Programs\Python\Python36\;C:\Program Files (x86)\Microsoft Visual Studio\Common\Tools\WinNT;C:\Program Files (x86)\Microsoft Visual Studio\Common\MSDev98\Bin;C:\Program Files (x86)\Microsoft Visual Studio\Common\Tools;C:\Program Files (x86)\Microsoft Visual Studio\VC98\bin;C:\Users\刘先生\AppData\Local\Microsoft\WindowsApps;;.]
21:25:13.830 login [main] INFO  o.a.c.c.C.[Tomcat].[localhost].[/] - Initializing Spring embedded WebApplicationContext
21:25:13.830 login [main] INFO  o.s.web.context.ContextLoader - Root WebApplicationContext: initialization completed in 2656 ms
21:25:14.311 login [main] INFO  com.zaxxer.hikari.HikariDataSource - HikariPool-1 - Starting...
21:25:14.944 login [main] INFO  com.zaxxer.hikari.HikariDataSource - HikariPool-1 - Start completed.
21:25:15.007 login [main] INFO  o.h.jpa.internal.util.LogHelper - HHH000204: Processing PersistenceUnitInfo [
	name: default
	...]
21:25:15.116 login [main] INFO  org.hibernate.Version - HHH000412: Hibernate Core {5.3.7.Final}
21:25:15.116 login [main] INFO  org.hibernate.cfg.Environment - HHH000206: hibernate.properties not found
21:25:15.303 login [main] INFO  o.h.annotations.common.Version - HCANN000001: Hibernate Commons Annotations {5.0.4.Final}
21:25:15.522 login [main] INFO  org.hibernate.dialect.Dialect - HHH000400: Using dialect: com.example.cy.config.MysqlConfig
21:25:15.741 login [main] WARN  o.s.b.w.s.c.AnnotationConfigServletWebServerApplicationContext - Exception encountered during context initialization - cancelling refresh attempt: org.springframework.beans.factory.BeanCreationException: Error creating bean with name 'entityManagerFactory' defined in class path resource [org/springframework/boot/autoconfigure/orm/jpa/HibernateJpaConfiguration.class]: Invocation of init method failed; nested exception is javax.persistence.PersistenceException: [PersistenceUnit: default] Unable to build Hibernate SessionFactory; nested exception is org.hibernate.MappingException: Could not determine type for: java.util.List, at table: car, for columns: [org.hibernate.mapping.Column(car_img_url)]
21:25:15.741 login [main] INFO  com.zaxxer.hikari.HikariDataSource - HikariPool-1 - Shutdown initiated...
21:25:15.772 login [main] INFO  com.zaxxer.hikari.HikariDataSource - HikariPool-1 - Shutdown completed.
21:25:15.788 login [main] INFO  o.a.catalina.core.StandardService - Stopping service [Tomcat]
21:25:15.809 login [main] INFO  o.s.b.a.l.ConditionEvaluationReportLoggingListener - 

Error starting ApplicationContext. To display the conditions report re-run your application with 'debug' enabled.
21:25:15.821 login [main] ERROR o.s.boot.SpringApplication - Application run failed
org.springframework.beans.factory.BeanCreationException: Error creating bean with name 'entityManagerFactory' defined in class path resource [org/springframework/boot/autoconfigure/orm/jpa/HibernateJpaConfiguration.class]: Invocation of init method failed; nested exception is javax.persistence.PersistenceException: [PersistenceUnit: default] Unable to build Hibernate SessionFactory; nested exception is org.hibernate.MappingException: Could not determine type for: java.util.List, at table: car, for columns: [org.hibernate.mapping.Column(car_img_url)]
	at org.springframework.beans.factory.support.AbstractAutowireCapableBeanFactory.initializeBean(AbstractAutowireCapableBeanFactory.java:1745)
	at org.springframework.beans.factory.support.AbstractAutowireCapableBeanFactory.doCreateBean(AbstractAutowireCapableBeanFactory.java:576)
	at org.springframework.beans.factory.support.AbstractAutowireCapableBeanFactory.createBean(AbstractAutowireCapableBeanFactory.java:498)
	at org.springframework.beans.factory.support.AbstractBeanFactory.lambda$doGetBean$0(AbstractBeanFactory.java:320)
	at org.springframework.beans.factory.support.DefaultSingletonBeanRegistry.getSingleton(DefaultSingletonBeanRegistry.java:222)
	at org.springframework.beans.factory.support.AbstractBeanFactory.doGetBean(AbstractBeanFactory.java:318)
	at org.springframework.beans.factory.support.AbstractBeanFactory.getBean(AbstractBeanFactory.java:199)
	at org.springframework.context.support.AbstractApplicationContext.getBean(AbstractApplicationContext.java:1083)
	at org.springframework.context.support.AbstractApplicationContext.finishBeanFactoryInitialization(AbstractApplicationContext.java:853)
	at org.springframework.context.support.AbstractApplicationContext.refresh(AbstractApplicationContext.java:546)
	at org.springframework.boot.web.servlet.context.ServletWebServerApplicationContext.refresh(ServletWebServerApplicationContext.java:142)
	at org.springframework.boot.SpringApplication.refresh(SpringApplication.java:775)
	at org.springframework.boot.SpringApplication.refreshContext(SpringApplication.java:397)
	at org.springframework.boot.SpringApplication.run(SpringApplication.java:316)
	at org.springframework.boot.SpringApplication.run(SpringApplication.java:1260)
	at org.springframework.boot.SpringApplication.run(SpringApplication.java:1248)
	at com.example.cy.CyApplication.main(CyApplication.java:25)
Caused by: javax.persistence.PersistenceException: [PersistenceUnit: default] Unable to build Hibernate SessionFactory; nested exception is org.hibernate.MappingException: Could not determine type for: java.util.List, at table: car, for columns: [org.hibernate.mapping.Column(car_img_url)]
	at org.springframework.orm.jpa.AbstractEntityManagerFactoryBean.buildNativeEntityManagerFactory(AbstractEntityManagerFactoryBean.java:402)
	at org.springframework.orm.jpa.AbstractEntityManagerFactoryBean.afterPropertiesSet(AbstractEntityManagerFactoryBean.java:377)
	at org.springframework.orm.jpa.LocalContainerEntityManagerFactoryBean.afterPropertiesSet(LocalContainerEntityManagerFactoryBean.java:341)
	at org.springframework.beans.factory.support.AbstractAutowireCapableBeanFactory.invokeInitMethods(AbstractAutowireCapableBeanFactory.java:1804)
	at org.springframework.beans.factory.support.AbstractAutowireCapableBeanFactory.initializeBean(AbstractAutowireCapableBeanFactory.java:1741)
	... 16 common frames omitted
Caused by: org.hibernate.MappingException: Could not determine type for: java.util.List, at table: car, for columns: [org.hibernate.mapping.Column(car_img_url)]
	at org.hibernate.mapping.SimpleValue.getType(SimpleValue.java:486)
	at org.hibernate.mapping.SimpleValue.isValid(SimpleValue.java:453)
	at org.hibernate.mapping.Property.isValid(Property.java:226)
	at org.hibernate.mapping.PersistentClass.validate(PersistentClass.java:624)
	at org.hibernate.mapping.RootClass.validate(RootClass.java:267)
	at org.hibernate.boot.internal.MetadataImpl.validate(MetadataImpl.java:347)
	at org.hibernate.boot.internal.SessionFactoryBuilderImpl.build(SessionFactoryBuilderImpl.java:466)
	at org.hibernate.jpa.boot.internal.EntityManagerFactoryBuilderImpl.build(EntityManagerFactoryBuilderImpl.java:939)
	at org.springframework.orm.jpa.vendor.SpringHibernateJpaPersistenceProvider.createContainerEntityManagerFactory(SpringHibernateJpaPersistenceProvider.java:57)
	at org.springframework.orm.jpa.LocalContainerEntityManagerFactoryBean.createNativeEntityManagerFactory(LocalContainerEntityManagerFactoryBean.java:365)
	at org.springframework.orm.jpa.AbstractEntityManagerFactoryBean.buildNativeEntityManagerFactory(AbstractEntityManagerFactoryBean.java:390)
	... 20 common frames omitted
21:39:05.675 login [main] INFO  com.example.cy.CyApplication - Starting CyApplication on LAPTOP-O5A21IPT with PID 12972 (F:\JavaCode\able-liu-java\target\classes started by 刘先生 in F:\JavaCode\able-liu-java)
21:39:05.714 login [main] INFO  com.example.cy.CyApplication - No active profile set, falling back to default profiles: default
21:39:07.114 login [main] INFO  o.s.d.r.c.RepositoryConfigurationDelegate - Multiple Spring Data modules found, entering strict repository configuration mode!
21:39:07.114 login [main] INFO  o.s.d.r.c.RepositoryConfigurationDelegate - Bootstrapping Spring Data repositories in DEFAULT mode.
21:39:07.255 login [main] INFO  o.s.d.r.c.RepositoryConfigurationDelegate - Finished Spring Data repository scanning in 131ms. Found 3 repository interfaces.
21:39:07.282 login [main] INFO  o.s.d.r.c.RepositoryConfigurationDelegate - Multiple Spring Data modules found, entering strict repository configuration mode!
21:39:07.282 login [main] INFO  o.s.d.r.c.RepositoryConfigurationDelegate - Bootstrapping Spring Data repositories in DEFAULT mode.
21:39:07.328 login [main] INFO  o.s.d.r.c.RepositoryConfigurationExtensionSupport - Spring Data Redis - Could not safely identify store assignment for repository candidate interface com.example.cy.dao.FileInfoDao.
21:39:07.328 login [main] INFO  o.s.d.r.c.RepositoryConfigurationExtensionSupport - Spring Data Redis - Could not safely identify store assignment for repository candidate interface com.example.cy.dao.MenuDao.
21:39:07.328 login [main] INFO  o.s.d.r.c.RepositoryConfigurationExtensionSupport - Spring Data Redis - Could not safely identify store assignment for repository candidate interface com.example.cy.dao.UserDao.
21:39:07.328 login [main] INFO  o.s.d.r.c.RepositoryConfigurationDelegate - Finished Spring Data repository scanning in 24ms. Found 0 repository interfaces.
21:39:07.724 login [main] INFO  o.s.c.s.PostProcessorRegistrationDelegate$BeanPostProcessorChecker - Bean 'org.springframework.transaction.annotation.ProxyTransactionManagementConfiguration' of type [org.springframework.transaction.annotation.ProxyTransactionManagementConfiguration$$EnhancerBySpringCGLIB$$9173fb0a] is not eligible for getting processed by all BeanPostProcessors (for example: not eligible for auto-proxying)
21:39:07.785 login [main] INFO  o.s.c.s.PostProcessorRegistrationDelegate$BeanPostProcessorChecker - Bean 'org.springframework.security.config.annotation.configuration.ObjectPostProcessorConfiguration' of type [org.springframework.security.config.annotation.configuration.ObjectPostProcessorConfiguration$$EnhancerBySpringCGLIB$$2a21c344] is not eligible for getting processed by all BeanPostProcessors (for example: not eligible for auto-proxying)
21:39:07.785 login [main] INFO  o.s.c.s.PostProcessorRegistrationDelegate$BeanPostProcessorChecker - Bean 'objectPostProcessor' of type [org.springframework.security.config.annotation.configuration.AutowireBeanFactoryObjectPostProcessor] is not eligible for getting processed by all BeanPostProcessors (for example: not eligible for auto-proxying)
21:39:07.794 login [main] INFO  o.s.c.s.PostProcessorRegistrationDelegate$BeanPostProcessorChecker - Bean 'org.springframework.security.access.expression.method.DefaultMethodSecurityExpressionHandler@6f38a289' of type [org.springframework.security.access.expression.method.DefaultMethodSecurityExpressionHandler] is not eligible for getting processed by all BeanPostProcessors (for example: not eligible for auto-proxying)
21:39:07.798 login [main] INFO  o.s.c.s.PostProcessorRegistrationDelegate$BeanPostProcessorChecker - Bean 'org.springframework.security.config.annotation.method.configuration.GlobalMethodSecurityConfiguration' of type [org.springframework.security.config.annotation.method.configuration.GlobalMethodSecurityConfiguration$$EnhancerBySpringCGLIB$$4ef665f6] is not eligible for getting processed by all BeanPostProcessors (for example: not eligible for auto-proxying)
21:39:07.798 login [main] INFO  o.s.c.s.PostProcessorRegistrationDelegate$BeanPostProcessorChecker - Bean 'methodSecurityMetadataSource' of type [org.springframework.security.access.method.DelegatingMethodSecurityMetadataSource] is not eligible for getting processed by all BeanPostProcessors (for example: not eligible for auto-proxying)
21:39:08.317 login [main] INFO  o.s.b.w.e.tomcat.TomcatWebServer - Tomcat initialized with port(s): 8888 (http)
21:39:08.335 login [main] INFO  o.a.coyote.http11.Http11NioProtocol - Initializing ProtocolHandler ["http-nio-8888"]
21:39:08.347 login [main] INFO  o.a.catalina.core.StandardService - Starting service [Tomcat]
21:39:08.347 login [main] INFO  o.a.catalina.core.StandardEngine - Starting Servlet Engine: Apache Tomcat/9.0.13
21:39:08.355 login [main] INFO  o.a.c.core.AprLifecycleListener - The APR based Apache Tomcat Native library which allows optimal performance in production environments was not found on the java.library.path: [C:\Program Files\Java\jdk1.8.0_181\bin;C:\WINDOWS\Sun\Java\bin;C:\WINDOWS\system32;C:\WINDOWS;C:\Program Files (x86)\Common Files\Oracle\Java\javapath;C:\ProgramData\Oracle\Java\javapath;C:\Program Files\Java\jdk1.8.0_181\bin;C:\Program Files (x86)\Intel\iCLS Client\;C:\Program Files\Intel\iCLS Client\;C:\windows\system32;C:\windows;C:\windows\System32\Wbem;C:\windows\System32\WindowsPowerShell\v1.0\;C:\Program Files (x86)\Intel\Intel(R) Management Engine Components\DAL;C:\Program Files\Intel\Intel(R) Management Engine Components\DAL;C:\Program Files (x86)\Intel\Intel(R) Management Engine Components\IPT;C:\Program Files\Intel\Intel(R) Management Engine Components\IPT;C:\Program Files (x86)\NVIDIA Corporation\PhysX\Common;C:\WINDOWS\system32;C:\WINDOWS;C:\WINDOWS\System32\Wbem;C:\WINDOWS\System32\WindowsPowerShell\v1.0\;C:\Program Files\Java\jdk1.8.0_121\bin;C:\Program Files (x86)\MySQL\MySQL Server 5.5\bin;C:\Users\刘先生\.dnx\bin;C:;Program Files\Microsoft DNX\Dnvm\;C:\Program Files\Microsoft SQL Server\120\Tools\Binn\;C:\Program Files\Microsoft SQL Server\130\Tools\Binn\;C:\WINDOWS\System32\OpenSSH\;F:\apache-maven-3.5.4-bin\apache-maven-3.5.4\bin;C:\Program Files\Intel\WiFi\bin\;C:\Program Files\Common Files\Intel\WirelessCommon\;C:\Program Files\NVIDIA Corporation\NVIDIA NvDLISR;F:\Git\cmd;%MYSQL_HOME%\bin;C:\Users\刘先生\AppData\Local\Programs\Python\Python36\Scripts\;C:\Users\刘先生\AppData\Local\Programs\Python\Python36\;C:\Program Files (x86)\Microsoft Visual Studio\Common\Tools\WinNT;C:\Program Files (x86)\Microsoft Visual Studio\Common\MSDev98\Bin;C:\Program Files (x86)\Microsoft Visual Studio\Common\Tools;C:\Program Files (x86)\Microsoft Visual Studio\VC98\bin;C:\Users\刘先生\AppData\Local\Microsoft\WindowsApps;;.]
21:39:08.732 login [main] INFO  o.a.c.c.C.[Tomcat].[localhost].[/] - Initializing Spring embedded WebApplicationContext
21:39:08.732 login [main] INFO  o.s.web.context.ContextLoader - Root WebApplicationContext: initialization completed in 2957 ms
21:39:09.254 login [main] INFO  com.zaxxer.hikari.HikariDataSource - HikariPool-1 - Starting...
21:39:10.068 login [main] INFO  com.zaxxer.hikari.HikariDataSource - HikariPool-1 - Start completed.
21:39:10.138 login [main] INFO  o.h.jpa.internal.util.LogHelper - HHH000204: Processing PersistenceUnitInfo [
	name: default
	...]
21:39:10.258 login [main] INFO  org.hibernate.Version - HHH000412: Hibernate Core {5.3.7.Final}
21:39:10.265 login [main] INFO  org.hibernate.cfg.Environment - HHH000206: hibernate.properties not found
21:39:10.485 login [main] INFO  o.h.annotations.common.Version - HCANN000001: Hibernate Commons Annotations {5.0.4.Final}
21:39:10.925 login [main] INFO  org.hibernate.dialect.Dialect - HHH000400: Using dialect: com.example.cy.config.MysqlConfig
21:39:11.206 login [main] WARN  o.s.b.w.s.c.AnnotationConfigServletWebServerApplicationContext - Exception encountered during context initialization - cancelling refresh attempt: org.springframework.beans.factory.BeanCreationException: Error creating bean with name 'entityManagerFactory' defined in class path resource [org/springframework/boot/autoconfigure/orm/jpa/HibernateJpaConfiguration.class]: Invocation of init method failed; nested exception is javax.persistence.PersistenceException: [PersistenceUnit: default] Unable to build Hibernate SessionFactory; nested exception is org.hibernate.MappingException: Could not determine type for: java.util.List, at table: car, for columns: [org.hibernate.mapping.Column(car_img_url)]
21:39:11.206 login [main] INFO  com.zaxxer.hikari.HikariDataSource - HikariPool-1 - Shutdown initiated...
21:39:11.216 login [main] INFO  com.zaxxer.hikari.HikariDataSource - HikariPool-1 - Shutdown completed.
21:39:11.243 login [main] INFO  o.a.catalina.core.StandardService - Stopping service [Tomcat]
21:39:11.257 login [main] INFO  o.s.b.a.l.ConditionEvaluationReportLoggingListener - 

Error starting ApplicationContext. To display the conditions report re-run your application with 'debug' enabled.
21:39:11.267 login [main] ERROR o.s.boot.SpringApplication - Application run failed
org.springframework.beans.factory.BeanCreationException: Error creating bean with name 'entityManagerFactory' defined in class path resource [org/springframework/boot/autoconfigure/orm/jpa/HibernateJpaConfiguration.class]: Invocation of init method failed; nested exception is javax.persistence.PersistenceException: [PersistenceUnit: default] Unable to build Hibernate SessionFactory; nested exception is org.hibernate.MappingException: Could not determine type for: java.util.List, at table: car, for columns: [org.hibernate.mapping.Column(car_img_url)]
	at org.springframework.beans.factory.support.AbstractAutowireCapableBeanFactory.initializeBean(AbstractAutowireCapableBeanFactory.java:1745)
	at org.springframework.beans.factory.support.AbstractAutowireCapableBeanFactory.doCreateBean(AbstractAutowireCapableBeanFactory.java:576)
	at org.springframework.beans.factory.support.AbstractAutowireCapableBeanFactory.createBean(AbstractAutowireCapableBeanFactory.java:498)
	at org.springframework.beans.factory.support.AbstractBeanFactory.lambda$doGetBean$0(AbstractBeanFactory.java:320)
	at org.springframework.beans.factory.support.DefaultSingletonBeanRegistry.getSingleton(DefaultSingletonBeanRegistry.java:222)
	at org.springframework.beans.factory.support.AbstractBeanFactory.doGetBean(AbstractBeanFactory.java:318)
	at org.springframework.beans.factory.support.AbstractBeanFactory.getBean(AbstractBeanFactory.java:199)
	at org.springframework.context.support.AbstractApplicationContext.getBean(AbstractApplicationContext.java:1083)
	at org.springframework.context.support.AbstractApplicationContext.finishBeanFactoryInitialization(AbstractApplicationContext.java:853)
	at org.springframework.context.support.AbstractApplicationContext.refresh(AbstractApplicationContext.java:546)
	at org.springframework.boot.web.servlet.context.ServletWebServerApplicationContext.refresh(ServletWebServerApplicationContext.java:142)
	at org.springframework.boot.SpringApplication.refresh(SpringApplication.java:775)
	at org.springframework.boot.SpringApplication.refreshContext(SpringApplication.java:397)
	at org.springframework.boot.SpringApplication.run(SpringApplication.java:316)
	at org.springframework.boot.SpringApplication.run(SpringApplication.java:1260)
	at org.springframework.boot.SpringApplication.run(SpringApplication.java:1248)
	at com.example.cy.CyApplication.main(CyApplication.java:25)
Caused by: javax.persistence.PersistenceException: [PersistenceUnit: default] Unable to build Hibernate SessionFactory; nested exception is org.hibernate.MappingException: Could not determine type for: java.util.List, at table: car, for columns: [org.hibernate.mapping.Column(car_img_url)]
	at org.springframework.orm.jpa.AbstractEntityManagerFactoryBean.buildNativeEntityManagerFactory(AbstractEntityManagerFactoryBean.java:402)
	at org.springframework.orm.jpa.AbstractEntityManagerFactoryBean.afterPropertiesSet(AbstractEntityManagerFactoryBean.java:377)
	at org.springframework.orm.jpa.LocalContainerEntityManagerFactoryBean.afterPropertiesSet(LocalContainerEntityManagerFactoryBean.java:341)
	at org.springframework.beans.factory.support.AbstractAutowireCapableBeanFactory.invokeInitMethods(AbstractAutowireCapableBeanFactory.java:1804)
	at org.springframework.beans.factory.support.AbstractAutowireCapableBeanFactory.initializeBean(AbstractAutowireCapableBeanFactory.java:1741)
	... 16 common frames omitted
Caused by: org.hibernate.MappingException: Could not determine type for: java.util.List, at table: car, for columns: [org.hibernate.mapping.Column(car_img_url)]
	at org.hibernate.mapping.SimpleValue.getType(SimpleValue.java:486)
	at org.hibernate.mapping.SimpleValue.isValid(SimpleValue.java:453)
	at org.hibernate.mapping.Property.isValid(Property.java:226)
	at org.hibernate.mapping.PersistentClass.validate(PersistentClass.java:624)
	at org.hibernate.mapping.RootClass.validate(RootClass.java:267)
	at org.hibernate.boot.internal.MetadataImpl.validate(MetadataImpl.java:347)
	at org.hibernate.boot.internal.SessionFactoryBuilderImpl.build(SessionFactoryBuilderImpl.java:466)
	at org.hibernate.jpa.boot.internal.EntityManagerFactoryBuilderImpl.build(EntityManagerFactoryBuilderImpl.java:939)
	at org.springframework.orm.jpa.vendor.SpringHibernateJpaPersistenceProvider.createContainerEntityManagerFactory(SpringHibernateJpaPersistenceProvider.java:57)
	at org.springframework.orm.jpa.LocalContainerEntityManagerFactoryBean.createNativeEntityManagerFactory(LocalContainerEntityManagerFactoryBean.java:365)
	at org.springframework.orm.jpa.AbstractEntityManagerFactoryBean.buildNativeEntityManagerFactory(AbstractEntityManagerFactoryBean.java:390)
	... 20 common frames omitted
21:49:09.578 login [main] INFO  com.example.cy.CyApplication - Starting CyApplication on LAPTOP-O5A21IPT with PID 9208 (F:\JavaCode\able-liu-java\target\classes started by 刘先生 in F:\JavaCode\able-liu-java)
21:49:09.584 login [main] INFO  com.example.cy.CyApplication - No active profile set, falling back to default profiles: default
21:49:10.535 login [main] INFO  o.s.d.r.c.RepositoryConfigurationDelegate - Multiple Spring Data modules found, entering strict repository configuration mode!
21:49:10.535 login [main] INFO  o.s.d.r.c.RepositoryConfigurationDelegate - Bootstrapping Spring Data repositories in DEFAULT mode.
21:49:10.665 login [main] INFO  o.s.d.r.c.RepositoryConfigurationDelegate - Finished Spring Data repository scanning in 121ms. Found 3 repository interfaces.
21:49:10.694 login [main] INFO  o.s.d.r.c.RepositoryConfigurationDelegate - Multiple Spring Data modules found, entering strict repository configuration mode!
21:49:10.694 login [main] INFO  o.s.d.r.c.RepositoryConfigurationDelegate - Bootstrapping Spring Data repositories in DEFAULT mode.
21:49:10.724 login [main] INFO  o.s.d.r.c.RepositoryConfigurationExtensionSupport - Spring Data Redis - Could not safely identify store assignment for repository candidate interface com.example.cy.dao.FileInfoDao.
21:49:10.724 login [main] INFO  o.s.d.r.c.RepositoryConfigurationExtensionSupport - Spring Data Redis - Could not safely identify store assignment for repository candidate interface com.example.cy.dao.MenuDao.
21:49:10.724 login [main] INFO  o.s.d.r.c.RepositoryConfigurationExtensionSupport - Spring Data Redis - Could not safely identify store assignment for repository candidate interface com.example.cy.dao.UserDao.
21:49:10.724 login [main] INFO  o.s.d.r.c.RepositoryConfigurationDelegate - Finished Spring Data repository scanning in 20ms. Found 0 repository interfaces.
21:49:11.135 login [main] INFO  o.s.c.s.PostProcessorRegistrationDelegate$BeanPostProcessorChecker - Bean 'org.springframework.transaction.annotation.ProxyTransactionManagementConfiguration' of type [org.springframework.transaction.annotation.ProxyTransactionManagementConfiguration$$EnhancerBySpringCGLIB$$bcc7fa57] is not eligible for getting processed by all BeanPostProcessors (for example: not eligible for auto-proxying)
21:49:11.185 login [main] INFO  o.s.c.s.PostProcessorRegistrationDelegate$BeanPostProcessorChecker - Bean 'org.springframework.security.config.annotation.configuration.ObjectPostProcessorConfiguration' of type [org.springframework.security.config.annotation.configuration.ObjectPostProcessorConfiguration$$EnhancerBySpringCGLIB$$5575c291] is not eligible for getting processed by all BeanPostProcessors (for example: not eligible for auto-proxying)
21:49:11.194 login [main] INFO  o.s.c.s.PostProcessorRegistrationDelegate$BeanPostProcessorChecker - Bean 'objectPostProcessor' of type [org.springframework.security.config.annotation.configuration.AutowireBeanFactoryObjectPostProcessor] is not eligible for getting processed by all BeanPostProcessors (for example: not eligible for auto-proxying)
21:49:11.194 login [main] INFO  o.s.c.s.PostProcessorRegistrationDelegate$BeanPostProcessorChecker - Bean 'org.springframework.security.access.expression.method.DefaultMethodSecurityExpressionHandler@a137d7a' of type [org.springframework.security.access.expression.method.DefaultMethodSecurityExpressionHandler] is not eligible for getting processed by all BeanPostProcessors (for example: not eligible for auto-proxying)
21:49:11.194 login [main] INFO  o.s.c.s.PostProcessorRegistrationDelegate$BeanPostProcessorChecker - Bean 'org.springframework.security.config.annotation.method.configuration.GlobalMethodSecurityConfiguration' of type [org.springframework.security.config.annotation.method.configuration.GlobalMethodSecurityConfiguration$$EnhancerBySpringCGLIB$$7a4a6543] is not eligible for getting processed by all BeanPostProcessors (for example: not eligible for auto-proxying)
21:49:11.205 login [main] INFO  o.s.c.s.PostProcessorRegistrationDelegate$BeanPostProcessorChecker - Bean 'methodSecurityMetadataSource' of type [org.springframework.security.access.method.DelegatingMethodSecurityMetadataSource] is not eligible for getting processed by all BeanPostProcessors (for example: not eligible for auto-proxying)
21:49:11.624 login [main] INFO  o.s.b.w.e.tomcat.TomcatWebServer - Tomcat initialized with port(s): 8888 (http)
21:49:11.635 login [main] INFO  o.a.coyote.http11.Http11NioProtocol - Initializing ProtocolHandler ["http-nio-8888"]
21:49:11.647 login [main] INFO  o.a.catalina.core.StandardService - Starting service [Tomcat]
21:49:11.647 login [main] INFO  o.a.catalina.core.StandardEngine - Starting Servlet Engine: Apache Tomcat/9.0.13
21:49:11.653 login [main] INFO  o.a.c.core.AprLifecycleListener - The APR based Apache Tomcat Native library which allows optimal performance in production environments was not found on the java.library.path: [C:\Program Files\Java\jdk1.8.0_181\bin;C:\WINDOWS\Sun\Java\bin;C:\WINDOWS\system32;C:\WINDOWS;C:\Program Files (x86)\Common Files\Oracle\Java\javapath;C:\ProgramData\Oracle\Java\javapath;C:\Program Files\Java\jdk1.8.0_181\bin;C:\Program Files (x86)\Intel\iCLS Client\;C:\Program Files\Intel\iCLS Client\;C:\windows\system32;C:\windows;C:\windows\System32\Wbem;C:\windows\System32\WindowsPowerShell\v1.0\;C:\Program Files (x86)\Intel\Intel(R) Management Engine Components\DAL;C:\Program Files\Intel\Intel(R) Management Engine Components\DAL;C:\Program Files (x86)\Intel\Intel(R) Management Engine Components\IPT;C:\Program Files\Intel\Intel(R) Management Engine Components\IPT;C:\Program Files (x86)\NVIDIA Corporation\PhysX\Common;C:\WINDOWS\system32;C:\WINDOWS;C:\WINDOWS\System32\Wbem;C:\WINDOWS\System32\WindowsPowerShell\v1.0\;C:\Program Files\Java\jdk1.8.0_121\bin;C:\Program Files (x86)\MySQL\MySQL Server 5.5\bin;C:\Users\刘先生\.dnx\bin;C:;Program Files\Microsoft DNX\Dnvm\;C:\Program Files\Microsoft SQL Server\120\Tools\Binn\;C:\Program Files\Microsoft SQL Server\130\Tools\Binn\;C:\WINDOWS\System32\OpenSSH\;F:\apache-maven-3.5.4-bin\apache-maven-3.5.4\bin;C:\Program Files\Intel\WiFi\bin\;C:\Program Files\Common Files\Intel\WirelessCommon\;C:\Program Files\NVIDIA Corporation\NVIDIA NvDLISR;F:\Git\cmd;%MYSQL_HOME%\bin;C:\Users\刘先生\AppData\Local\Programs\Python\Python36\Scripts\;C:\Users\刘先生\AppData\Local\Programs\Python\Python36\;C:\Program Files (x86)\Microsoft Visual Studio\Common\Tools\WinNT;C:\Program Files (x86)\Microsoft Visual Studio\Common\MSDev98\Bin;C:\Program Files (x86)\Microsoft Visual Studio\Common\Tools;C:\Program Files (x86)\Microsoft Visual Studio\VC98\bin;C:\Users\刘先生\AppData\Local\Microsoft\WindowsApps;;.]
21:49:11.997 login [main] INFO  o.a.c.c.C.[Tomcat].[localhost].[/] - Initializing Spring embedded WebApplicationContext
21:49:11.997 login [main] INFO  o.s.web.context.ContextLoader - Root WebApplicationContext: initialization completed in 2359 ms
21:49:12.515 login [main] INFO  com.zaxxer.hikari.HikariDataSource - HikariPool-1 - Starting...
21:49:13.134 login [main] INFO  com.zaxxer.hikari.HikariDataSource - HikariPool-1 - Start completed.
21:49:13.198 login [main] INFO  o.h.jpa.internal.util.LogHelper - HHH000204: Processing PersistenceUnitInfo [
	name: default
	...]
21:49:13.298 login [main] INFO  org.hibernate.Version - HHH000412: Hibernate Core {5.3.7.Final}
21:49:13.304 login [main] INFO  org.hibernate.cfg.Environment - HHH000206: hibernate.properties not found
21:49:13.504 login [main] INFO  o.h.annotations.common.Version - HCANN000001: Hibernate Commons Annotations {5.0.4.Final}
21:49:13.734 login [main] INFO  org.hibernate.dialect.Dialect - HHH000400: Using dialect: com.example.cy.config.MysqlConfig
21:49:13.974 login [main] WARN  o.s.b.w.s.c.AnnotationConfigServletWebServerApplicationContext - Exception encountered during context initialization - cancelling refresh attempt: org.springframework.beans.factory.BeanCreationException: Error creating bean with name 'entityManagerFactory' defined in class path resource [org/springframework/boot/autoconfigure/orm/jpa/HibernateJpaConfiguration.class]: Invocation of init method failed; nested exception is javax.persistence.PersistenceException: [PersistenceUnit: default] Unable to build Hibernate SessionFactory; nested exception is org.hibernate.MappingException: Could not determine type for: java.util.List, at table: car, for columns: [org.hibernate.mapping.Column(car_img_url)]
21:49:13.974 login [main] INFO  com.zaxxer.hikari.HikariDataSource - HikariPool-1 - Shutdown initiated...
21:49:13.984 login [main] INFO  com.zaxxer.hikari.HikariDataSource - HikariPool-1 - Shutdown completed.
21:49:14.005 login [main] INFO  o.a.catalina.core.StandardService - Stopping service [Tomcat]
21:49:14.014 login [main] INFO  o.s.b.a.l.ConditionEvaluationReportLoggingListener - 

Error starting ApplicationContext. To display the conditions report re-run your application with 'debug' enabled.
21:49:14.025 login [main] ERROR o.s.boot.SpringApplication - Application run failed
org.springframework.beans.factory.BeanCreationException: Error creating bean with name 'entityManagerFactory' defined in class path resource [org/springframework/boot/autoconfigure/orm/jpa/HibernateJpaConfiguration.class]: Invocation of init method failed; nested exception is javax.persistence.PersistenceException: [PersistenceUnit: default] Unable to build Hibernate SessionFactory; nested exception is org.hibernate.MappingException: Could not determine type for: java.util.List, at table: car, for columns: [org.hibernate.mapping.Column(car_img_url)]
	at org.springframework.beans.factory.support.AbstractAutowireCapableBeanFactory.initializeBean(AbstractAutowireCapableBeanFactory.java:1745)
	at org.springframework.beans.factory.support.AbstractAutowireCapableBeanFactory.doCreateBean(AbstractAutowireCapableBeanFactory.java:576)
	at org.springframework.beans.factory.support.AbstractAutowireCapableBeanFactory.createBean(AbstractAutowireCapableBeanFactory.java:498)
	at org.springframework.beans.factory.support.AbstractBeanFactory.lambda$doGetBean$0(AbstractBeanFactory.java:320)
	at org.springframework.beans.factory.support.DefaultSingletonBeanRegistry.getSingleton(DefaultSingletonBeanRegistry.java:222)
	at org.springframework.beans.factory.support.AbstractBeanFactory.doGetBean(AbstractBeanFactory.java:318)
	at org.springframework.beans.factory.support.AbstractBeanFactory.getBean(AbstractBeanFactory.java:199)
	at org.springframework.context.support.AbstractApplicationContext.getBean(AbstractApplicationContext.java:1083)
	at org.springframework.context.support.AbstractApplicationContext.finishBeanFactoryInitialization(AbstractApplicationContext.java:853)
	at org.springframework.context.support.AbstractApplicationContext.refresh(AbstractApplicationContext.java:546)
	at org.springframework.boot.web.servlet.context.ServletWebServerApplicationContext.refresh(ServletWebServerApplicationContext.java:142)
	at org.springframework.boot.SpringApplication.refresh(SpringApplication.java:775)
	at org.springframework.boot.SpringApplication.refreshContext(SpringApplication.java:397)
	at org.springframework.boot.SpringApplication.run(SpringApplication.java:316)
	at org.springframework.boot.SpringApplication.run(SpringApplication.java:1260)
	at org.springframework.boot.SpringApplication.run(SpringApplication.java:1248)
	at com.example.cy.CyApplication.main(CyApplication.java:25)
Caused by: javax.persistence.PersistenceException: [PersistenceUnit: default] Unable to build Hibernate SessionFactory; nested exception is org.hibernate.MappingException: Could not determine type for: java.util.List, at table: car, for columns: [org.hibernate.mapping.Column(car_img_url)]
	at org.springframework.orm.jpa.AbstractEntityManagerFactoryBean.buildNativeEntityManagerFactory(AbstractEntityManagerFactoryBean.java:402)
	at org.springframework.orm.jpa.AbstractEntityManagerFactoryBean.afterPropertiesSet(AbstractEntityManagerFactoryBean.java:377)
	at org.springframework.orm.jpa.LocalContainerEntityManagerFactoryBean.afterPropertiesSet(LocalContainerEntityManagerFactoryBean.java:341)
	at org.springframework.beans.factory.support.AbstractAutowireCapableBeanFactory.invokeInitMethods(AbstractAutowireCapableBeanFactory.java:1804)
	at org.springframework.beans.factory.support.AbstractAutowireCapableBeanFactory.initializeBean(AbstractAutowireCapableBeanFactory.java:1741)
	... 16 common frames omitted
Caused by: org.hibernate.MappingException: Could not determine type for: java.util.List, at table: car, for columns: [org.hibernate.mapping.Column(car_img_url)]
	at org.hibernate.mapping.SimpleValue.getType(SimpleValue.java:486)
	at org.hibernate.mapping.SimpleValue.isValid(SimpleValue.java:453)
	at org.hibernate.mapping.Property.isValid(Property.java:226)
	at org.hibernate.mapping.PersistentClass.validate(PersistentClass.java:624)
	at org.hibernate.mapping.RootClass.validate(RootClass.java:267)
	at org.hibernate.boot.internal.MetadataImpl.validate(MetadataImpl.java:347)
	at org.hibernate.boot.internal.SessionFactoryBuilderImpl.build(SessionFactoryBuilderImpl.java:466)
	at org.hibernate.jpa.boot.internal.EntityManagerFactoryBuilderImpl.build(EntityManagerFactoryBuilderImpl.java:939)
	at org.springframework.orm.jpa.vendor.SpringHibernateJpaPersistenceProvider.createContainerEntityManagerFactory(SpringHibernateJpaPersistenceProvider.java:57)
	at org.springframework.orm.jpa.LocalContainerEntityManagerFactoryBean.createNativeEntityManagerFactory(LocalContainerEntityManagerFactoryBean.java:365)
	at org.springframework.orm.jpa.AbstractEntityManagerFactoryBean.buildNativeEntityManagerFactory(AbstractEntityManagerFactoryBean.java:390)
	... 20 common frames omitted
